[INFO ] 2018-11-28 15:32:16,047 com.webtest.utils.Log - Using Firefox
[INFO ] 2018-11-28 15:32:16,085 com.webtest.utils.Log - firefox
[INFO ] 2018-11-28 15:32:19,522 com.webtest.utils.Log - Opened url :http://localhost:8032/wordpress/wp-login.php
[INFO ] 2018-11-28 15:32:19,522 com.webtest.utils.Log - Opened url ERROR
[INFO ] 2018-11-28 15:32:19,580 com.webtest.utils.Log - org.openqa.selenium.NoSuchElementException: Unable to locate element: //a[contains(.,'登出')]
For documentation on this error, please visit: http://seleniumhq.org/exceptions/no_such_element.html
Build info: version: '3.6.0', revision: '6fbf3ec767', time: '2017-09-27T16:15:40.131Z'
System info: host: 'WHATQ', ip: '169.254.144.88', os.name: 'Windows 10', os.arch: 'amd64', os.version: '10.0', java.version: '1.8.0_191'
Driver info: org.openqa.selenium.firefox.FirefoxDriver
Capabilities [{moz:profile=C:\Users\60132\AppData\Local\Temp\rust_mozprofile.KAOfLPSAcMHg, rotatable=false, timeouts={implicit=0, pageLoad=300000, script=30000}, pageLoadStrategy=normal, moz:headless=false, platform=XP, specificationLevel=0, moz:accessibilityChecks=false, acceptInsecureCerts=true, browserVersion=56.0, platformVersion=10.0, moz:processID=17932, browserName=firefox, javascriptEnabled=true, platformName=XP}]
Session ID: e90c4e01-2b16-4d2c-984c-d1acb54ab274
*** Element info: {Using=xpath, value=//a[contains(.,'登出')]}
[INFO ] 2018-11-28 15:32:23,167 com.webtest.utils.Log - Opened url :http://localhost:8032/wordpress/wp-login.php
[INFO ] 2018-11-28 15:32:23,168 com.webtest.utils.Log - Opened url ERROR
[INFO ] 2018-11-28 15:32:28,187 com.webtest.utils.Log - org.openqa.selenium.NoSuchElementException: Unable to locate element: //a[contains(.,'登出')]
For documentation on this error, please visit: http://seleniumhq.org/exceptions/no_such_element.html
Build info: version: '3.6.0', revision: '6fbf3ec767', time: '2017-09-27T16:15:40.131Z'
System info: host: 'WHATQ', ip: '169.254.144.88', os.name: 'Windows 10', os.arch: 'amd64', os.version: '10.0', java.version: '1.8.0_191'
Driver info: org.openqa.selenium.firefox.FirefoxDriver
Capabilities [{moz:profile=C:\Users\60132\AppData\Local\Temp\rust_mozprofile.KAOfLPSAcMHg, rotatable=false, timeouts={implicit=0, pageLoad=300000, script=30000}, pageLoadStrategy=normal, moz:headless=false, platform=XP, specificationLevel=0, moz:accessibilityChecks=false, acceptInsecureCerts=true, browserVersion=56.0, platformVersion=10.0, moz:processID=17932, browserName=firefox, javascriptEnabled=true, platformName=XP}]
Session ID: e90c4e01-2b16-4d2c-984c-d1acb54ab274
*** Element info: {Using=xpath, value=//a[contains(.,'登出')]}
[INFO ] 2018-11-28 15:32:31,688 com.webtest.utils.Log - Opened url :http://localhost:8032/wordpress/wp-login.php
[INFO ] 2018-11-28 15:32:31,688 com.webtest.utils.Log - Opened url ERROR
[INFO ] 2018-11-28 15:32:36,701 com.webtest.utils.Log - org.openqa.selenium.NoSuchElementException: Unable to locate element: //a[contains(.,'登出')]
For documentation on this error, please visit: http://seleniumhq.org/exceptions/no_such_element.html
Build info: version: '3.6.0', revision: '6fbf3ec767', time: '2017-09-27T16:15:40.131Z'
System info: host: 'WHATQ', ip: '169.254.144.88', os.name: 'Windows 10', os.arch: 'amd64', os.version: '10.0', java.version: '1.8.0_191'
Driver info: org.openqa.selenium.firefox.FirefoxDriver
Capabilities [{moz:profile=C:\Users\60132\AppData\Local\Temp\rust_mozprofile.KAOfLPSAcMHg, rotatable=false, timeouts={implicit=0, pageLoad=300000, script=30000}, pageLoadStrategy=normal, moz:headless=false, platform=XP, specificationLevel=0, moz:accessibilityChecks=false, acceptInsecureCerts=true, browserVersion=56.0, platformVersion=10.0, moz:processID=17932, browserName=firefox, javascriptEnabled=true, platformName=XP}]
Session ID: e90c4e01-2b16-4d2c-984c-d1acb54ab274
*** Element info: {Using=xpath, value=//a[contains(.,'登出')]}
[INFO ] 2018-11-28 15:32:40,135 com.webtest.utils.Log - Opened url :http://localhost:8032/wordpress/wp-login.php
[INFO ] 2018-11-28 15:32:40,136 com.webtest.utils.Log - Opened url ERROR
[INFO ] 2018-11-28 15:32:45,177 com.webtest.utils.Log - org.openqa.selenium.NoSuchElementException: Unable to locate element: //a[contains(.,'登出')]
For documentation on this error, please visit: http://seleniumhq.org/exceptions/no_such_element.html
Build info: version: '3.6.0', revision: '6fbf3ec767', time: '2017-09-27T16:15:40.131Z'
System info: host: 'WHATQ', ip: '169.254.144.88', os.name: 'Windows 10', os.arch: 'amd64', os.version: '10.0', java.version: '1.8.0_191'
Driver info: org.openqa.selenium.firefox.FirefoxDriver
Capabilities [{moz:profile=C:\Users\60132\AppData\Local\Temp\rust_mozprofile.KAOfLPSAcMHg, rotatable=false, timeouts={implicit=0, pageLoad=300000, script=30000}, pageLoadStrategy=normal, moz:headless=false, platform=XP, specificationLevel=0, moz:accessibilityChecks=false, acceptInsecureCerts=true, browserVersion=56.0, platformVersion=10.0, moz:processID=17932, browserName=firefox, javascriptEnabled=true, platformName=XP}]
Session ID: e90c4e01-2b16-4d2c-984c-d1acb54ab274
*** Element info: {Using=xpath, value=//a[contains(.,'登出')]}
[INFO ] 2018-11-28 15:32:48,708 com.webtest.utils.Log - Opened url :http://localhost:8032/wordpress/wp-login.php
[INFO ] 2018-11-28 15:32:48,708 com.webtest.utils.Log - Opened url ERROR
[INFO ] 2018-11-28 15:32:53,727 com.webtest.utils.Log - org.openqa.selenium.NoSuchElementException: Unable to locate element: //a[contains(.,'登出')]
For documentation on this error, please visit: http://seleniumhq.org/exceptions/no_such_element.html
Build info: version: '3.6.0', revision: '6fbf3ec767', time: '2017-09-27T16:15:40.131Z'
System info: host: 'WHATQ', ip: '169.254.144.88', os.name: 'Windows 10', os.arch: 'amd64', os.version: '10.0', java.version: '1.8.0_191'
Driver info: org.openqa.selenium.firefox.FirefoxDriver
Capabilities [{moz:profile=C:\Users\60132\AppData\Local\Temp\rust_mozprofile.KAOfLPSAcMHg, rotatable=false, timeouts={implicit=0, pageLoad=300000, script=30000}, pageLoadStrategy=normal, moz:headless=false, platform=XP, specificationLevel=0, moz:accessibilityChecks=false, acceptInsecureCerts=true, browserVersion=56.0, platformVersion=10.0, moz:processID=17932, browserName=firefox, javascriptEnabled=true, platformName=XP}]
Session ID: e90c4e01-2b16-4d2c-984c-d1acb54ab274
*** Element info: {Using=xpath, value=//a[contains(.,'登出')]}
[INFO ] 2018-11-28 15:32:57,170 com.webtest.utils.Log - Opened url :http://localhost:8032/wordpress/wp-login.php
[INFO ] 2018-11-28 15:32:57,170 com.webtest.utils.Log - Opened url ERROR
[INFO ] 2018-11-28 15:33:02,186 com.webtest.utils.Log - org.openqa.selenium.NoSuchElementException: Unable to locate element: //a[contains(.,'登出')]
For documentation on this error, please visit: http://seleniumhq.org/exceptions/no_such_element.html
Build info: version: '3.6.0', revision: '6fbf3ec767', time: '2017-09-27T16:15:40.131Z'
System info: host: 'WHATQ', ip: '169.254.144.88', os.name: 'Windows 10', os.arch: 'amd64', os.version: '10.0', java.version: '1.8.0_191'
Driver info: org.openqa.selenium.firefox.FirefoxDriver
Capabilities [{moz:profile=C:\Users\60132\AppData\Local\Temp\rust_mozprofile.KAOfLPSAcMHg, rotatable=false, timeouts={implicit=0, pageLoad=300000, script=30000}, pageLoadStrategy=normal, moz:headless=false, platform=XP, specificationLevel=0, moz:accessibilityChecks=false, acceptInsecureCerts=true, browserVersion=56.0, platformVersion=10.0, moz:processID=17932, browserName=firefox, javascriptEnabled=true, platformName=XP}]
Session ID: e90c4e01-2b16-4d2c-984c-d1acb54ab274
*** Element info: {Using=xpath, value=//a[contains(.,'登出')]}
[INFO ] 2018-11-28 15:33:05,687 com.webtest.utils.Log - Opened url :http://localhost:8032/wordpress/wp-login.php
[INFO ] 2018-11-28 15:33:05,687 com.webtest.utils.Log - Opened url ERROR
[INFO ] 2018-11-28 15:33:10,716 com.webtest.utils.Log - org.openqa.selenium.NoSuchElementException: Unable to locate element: //a[contains(.,'登出')]
For documentation on this error, please visit: http://seleniumhq.org/exceptions/no_such_element.html
Build info: version: '3.6.0', revision: '6fbf3ec767', time: '2017-09-27T16:15:40.131Z'
System info: host: 'WHATQ', ip: '169.254.144.88', os.name: 'Windows 10', os.arch: 'amd64', os.version: '10.0', java.version: '1.8.0_191'
Driver info: org.openqa.selenium.firefox.FirefoxDriver
Capabilities [{moz:profile=C:\Users\60132\AppData\Local\Temp\rust_mozprofile.KAOfLPSAcMHg, rotatable=false, timeouts={implicit=0, pageLoad=300000, script=30000}, pageLoadStrategy=normal, moz:headless=false, platform=XP, specificationLevel=0, moz:accessibilityChecks=false, acceptInsecureCerts=true, browserVersion=56.0, platformVersion=10.0, moz:processID=17932, browserName=firefox, javascriptEnabled=true, platformName=XP}]
Session ID: e90c4e01-2b16-4d2c-984c-d1acb54ab274
*** Element info: {Using=xpath, value=//a[contains(.,'登出')]}
[INFO ] 2018-11-28 15:33:12,631 com.webtest.utils.Log - Quitted Browser
[INFO ] 2018-11-28 15:33:12,633 com.webtest.utils.Log - 登陆测试
[INFO ] 2018-12-03 15:12:19,096 com.webtest.utils.Log - Using Firefox
[INFO ] 2018-12-03 15:12:19,164 com.webtest.utils.Log - firefox
[INFO ] 2018-12-03 15:12:22,700 com.webtest.utils.Log - Opened url :http://localhost:8032/wordpress/wp-login.php
[INFO ] 2018-12-03 15:12:22,701 com.webtest.utils.Log - Opened url ERROR
[INFO ] 2018-12-03 15:12:22,850 com.webtest.utils.Log - org.openqa.selenium.NoSuchElementException: Unable to locate element: //a[contains(.,'登出')]
For documentation on this error, please visit: http://seleniumhq.org/exceptions/no_such_element.html
Build info: version: '3.6.0', revision: '6fbf3ec767', time: '2017-09-27T16:15:40.131Z'
System info: host: 'WHATQ', ip: '169.254.144.88', os.name: 'Windows 10', os.arch: 'amd64', os.version: '10.0', java.version: '1.8.0_191'
Driver info: org.openqa.selenium.firefox.FirefoxDriver
Capabilities [{moz:profile=C:\Users\60132\AppData\Local\Temp\rust_mozprofile.7EDZPBdxpxc9, rotatable=false, timeouts={implicit=0, pageLoad=300000, script=30000}, pageLoadStrategy=normal, moz:headless=false, platform=XP, specificationLevel=0, moz:accessibilityChecks=false, acceptInsecureCerts=true, browserVersion=56.0, platformVersion=10.0, moz:processID=4048, browserName=firefox, javascriptEnabled=true, platformName=XP}]
Session ID: 99767308-fac3-4c5e-a804-1df904a87263
*** Element info: {Using=xpath, value=//a[contains(.,'登出')]}
[INFO ] 2018-12-03 15:12:29,117 com.webtest.utils.Log - Opened url :http://localhost:8032/wordpress/wp-login.php
[INFO ] 2018-12-03 15:12:29,118 com.webtest.utils.Log - Opened url ERROR
[INFO ] 2018-12-03 15:12:34,146 com.webtest.utils.Log - org.openqa.selenium.NoSuchElementException: Unable to locate element: //a[contains(.,'登出')]
For documentation on this error, please visit: http://seleniumhq.org/exceptions/no_such_element.html
Build info: version: '3.6.0', revision: '6fbf3ec767', time: '2017-09-27T16:15:40.131Z'
System info: host: 'WHATQ', ip: '169.254.144.88', os.name: 'Windows 10', os.arch: 'amd64', os.version: '10.0', java.version: '1.8.0_191'
Driver info: org.openqa.selenium.firefox.FirefoxDriver
Capabilities [{moz:profile=C:\Users\60132\AppData\Local\Temp\rust_mozprofile.7EDZPBdxpxc9, rotatable=false, timeouts={implicit=0, pageLoad=300000, script=30000}, pageLoadStrategy=normal, moz:headless=false, platform=XP, specificationLevel=0, moz:accessibilityChecks=false, acceptInsecureCerts=true, browserVersion=56.0, platformVersion=10.0, moz:processID=4048, browserName=firefox, javascriptEnabled=true, platformName=XP}]
Session ID: 99767308-fac3-4c5e-a804-1df904a87263
*** Element info: {Using=xpath, value=//a[contains(.,'登出')]}
[INFO ] 2018-12-03 15:12:37,723 com.webtest.utils.Log - Opened url :http://localhost:8032/wordpress/wp-login.php
[INFO ] 2018-12-03 15:12:37,723 com.webtest.utils.Log - Opened url ERROR
[INFO ] 2018-12-03 15:12:42,758 com.webtest.utils.Log - org.openqa.selenium.NoSuchElementException: Unable to locate element: //a[contains(.,'登出')]
For documentation on this error, please visit: http://seleniumhq.org/exceptions/no_such_element.html
Build info: version: '3.6.0', revision: '6fbf3ec767', time: '2017-09-27T16:15:40.131Z'
System info: host: 'WHATQ', ip: '169.254.144.88', os.name: 'Windows 10', os.arch: 'amd64', os.version: '10.0', java.version: '1.8.0_191'
Driver info: org.openqa.selenium.firefox.FirefoxDriver
Capabilities [{moz:profile=C:\Users\60132\AppData\Local\Temp\rust_mozprofile.7EDZPBdxpxc9, rotatable=false, timeouts={implicit=0, pageLoad=300000, script=30000}, pageLoadStrategy=normal, moz:headless=false, platform=XP, specificationLevel=0, moz:accessibilityChecks=false, acceptInsecureCerts=true, browserVersion=56.0, platformVersion=10.0, moz:processID=4048, browserName=firefox, javascriptEnabled=true, platformName=XP}]
Session ID: 99767308-fac3-4c5e-a804-1df904a87263
*** Element info: {Using=xpath, value=//a[contains(.,'登出')]}
[INFO ] 2018-12-03 15:12:46,238 com.webtest.utils.Log - Opened url :http://localhost:8032/wordpress/wp-login.php
[INFO ] 2018-12-03 15:12:46,239 com.webtest.utils.Log - Opened url ERROR
[INFO ] 2018-12-03 15:12:51,257 com.webtest.utils.Log - org.openqa.selenium.NoSuchElementException: Unable to locate element: //a[contains(.,'登出')]
For documentation on this error, please visit: http://seleniumhq.org/exceptions/no_such_element.html
Build info: version: '3.6.0', revision: '6fbf3ec767', time: '2017-09-27T16:15:40.131Z'
System info: host: 'WHATQ', ip: '169.254.144.88', os.name: 'Windows 10', os.arch: 'amd64', os.version: '10.0', java.version: '1.8.0_191'
Driver info: org.openqa.selenium.firefox.FirefoxDriver
Capabilities [{moz:profile=C:\Users\60132\AppData\Local\Temp\rust_mozprofile.7EDZPBdxpxc9, rotatable=false, timeouts={implicit=0, pageLoad=300000, script=30000}, pageLoadStrategy=normal, moz:headless=false, platform=XP, specificationLevel=0, moz:accessibilityChecks=false, acceptInsecureCerts=true, browserVersion=56.0, platformVersion=10.0, moz:processID=4048, browserName=firefox, javascriptEnabled=true, platformName=XP}]
Session ID: 99767308-fac3-4c5e-a804-1df904a87263
*** Element info: {Using=xpath, value=//a[contains(.,'登出')]}
[ERROR] 2018-12-03 15:12:52,411 com.webtest.utils.Log - com.wordpress.test.LoginTest@27d415d9-login_fail3_test运行失败，需要截屏
[ERROR] 2018-12-03 15:12:52,416 com.webtest.utils.Log - com.wordpress.test.LoginTest@27d415d9-login_fail3_test运行失败，需要截屏
[INFO ] 2018-12-03 15:12:52,418 com.webtest.utils.Log - 登陆测试
[INFO ] 2018-12-03 15:14:29,137 com.webtest.utils.Log - Using Firefox
[INFO ] 2018-12-03 15:14:29,179 com.webtest.utils.Log - firefox
[INFO ] 2018-12-03 15:14:32,582 com.webtest.utils.Log - Opened url :http://localhost:8032/wordpress/wp-login.php
[INFO ] 2018-12-03 15:14:32,582 com.webtest.utils.Log - Opened url ERROR
[INFO ] 2018-12-03 15:14:32,619 com.webtest.utils.Log - org.openqa.selenium.NoSuchElementException: Unable to locate element: //a[contains(.,'登出')]
For documentation on this error, please visit: http://seleniumhq.org/exceptions/no_such_element.html
Build info: version: '3.6.0', revision: '6fbf3ec767', time: '2017-09-27T16:15:40.131Z'
System info: host: 'WHATQ', ip: '169.254.144.88', os.name: 'Windows 10', os.arch: 'amd64', os.version: '10.0', java.version: '1.8.0_191'
Driver info: org.openqa.selenium.firefox.FirefoxDriver
Capabilities [{moz:profile=C:\Users\60132\AppData\Local\Temp\rust_mozprofile.QDOS7LfcZ0e7, rotatable=false, timeouts={implicit=0, pageLoad=300000, script=30000}, pageLoadStrategy=normal, moz:headless=false, platform=XP, specificationLevel=0, moz:accessibilityChecks=false, acceptInsecureCerts=true, browserVersion=56.0, platformVersion=10.0, moz:processID=1716, browserName=firefox, javascriptEnabled=true, platformName=XP}]
Session ID: 6ccbd3f5-0392-424d-b2e4-5d8238b67248
*** Element info: {Using=xpath, value=//a[contains(.,'登出')]}
[INFO ] 2018-12-03 15:14:37,164 com.webtest.utils.Log - Opened url :http://localhost:8032/wordpress/wp-login.php
[INFO ] 2018-12-03 15:14:37,164 com.webtest.utils.Log - Opened url ERROR
[INFO ] 2018-12-03 15:14:42,196 com.webtest.utils.Log - org.openqa.selenium.NoSuchElementException: Unable to locate element: //a[contains(.,'登出')]
For documentation on this error, please visit: http://seleniumhq.org/exceptions/no_such_element.html
Build info: version: '3.6.0', revision: '6fbf3ec767', time: '2017-09-27T16:15:40.131Z'
System info: host: 'WHATQ', ip: '169.254.144.88', os.name: 'Windows 10', os.arch: 'amd64', os.version: '10.0', java.version: '1.8.0_191'
Driver info: org.openqa.selenium.firefox.FirefoxDriver
Capabilities [{moz:profile=C:\Users\60132\AppData\Local\Temp\rust_mozprofile.QDOS7LfcZ0e7, rotatable=false, timeouts={implicit=0, pageLoad=300000, script=30000}, pageLoadStrategy=normal, moz:headless=false, platform=XP, specificationLevel=0, moz:accessibilityChecks=false, acceptInsecureCerts=true, browserVersion=56.0, platformVersion=10.0, moz:processID=1716, browserName=firefox, javascriptEnabled=true, platformName=XP}]
Session ID: 6ccbd3f5-0392-424d-b2e4-5d8238b67248
*** Element info: {Using=xpath, value=//a[contains(.,'登出')]}
[INFO ] 2018-12-03 15:14:45,679 com.webtest.utils.Log - Opened url :http://localhost:8032/wordpress/wp-login.php
[INFO ] 2018-12-03 15:14:45,681 com.webtest.utils.Log - Opened url ERROR
[INFO ] 2018-12-03 15:14:50,724 com.webtest.utils.Log - org.openqa.selenium.NoSuchElementException: Unable to locate element: //a[contains(.,'登出')]
For documentation on this error, please visit: http://seleniumhq.org/exceptions/no_such_element.html
Build info: version: '3.6.0', revision: '6fbf3ec767', time: '2017-09-27T16:15:40.131Z'
System info: host: 'WHATQ', ip: '169.254.144.88', os.name: 'Windows 10', os.arch: 'amd64', os.version: '10.0', java.version: '1.8.0_191'
Driver info: org.openqa.selenium.firefox.FirefoxDriver
Capabilities [{moz:profile=C:\Users\60132\AppData\Local\Temp\rust_mozprofile.QDOS7LfcZ0e7, rotatable=false, timeouts={implicit=0, pageLoad=300000, script=30000}, pageLoadStrategy=normal, moz:headless=false, platform=XP, specificationLevel=0, moz:accessibilityChecks=false, acceptInsecureCerts=true, browserVersion=56.0, platformVersion=10.0, moz:processID=1716, browserName=firefox, javascriptEnabled=true, platformName=XP}]
Session ID: 6ccbd3f5-0392-424d-b2e4-5d8238b67248
*** Element info: {Using=xpath, value=//a[contains(.,'登出')]}
[INFO ] 2018-12-03 15:14:54,207 com.webtest.utils.Log - Opened url :http://localhost:8032/wordpress/wp-login.php
[INFO ] 2018-12-03 15:14:54,207 com.webtest.utils.Log - Opened url ERROR
[INFO ] 2018-12-03 15:14:59,250 com.webtest.utils.Log - org.openqa.selenium.NoSuchElementException: Unable to locate element: //a[contains(.,'登出')]
For documentation on this error, please visit: http://seleniumhq.org/exceptions/no_such_element.html
Build info: version: '3.6.0', revision: '6fbf3ec767', time: '2017-09-27T16:15:40.131Z'
System info: host: 'WHATQ', ip: '169.254.144.88', os.name: 'Windows 10', os.arch: 'amd64', os.version: '10.0', java.version: '1.8.0_191'
Driver info: org.openqa.selenium.firefox.FirefoxDriver
Capabilities [{moz:profile=C:\Users\60132\AppData\Local\Temp\rust_mozprofile.QDOS7LfcZ0e7, rotatable=false, timeouts={implicit=0, pageLoad=300000, script=30000}, pageLoadStrategy=normal, moz:headless=false, platform=XP, specificationLevel=0, moz:accessibilityChecks=false, acceptInsecureCerts=true, browserVersion=56.0, platformVersion=10.0, moz:processID=1716, browserName=firefox, javascriptEnabled=true, platformName=XP}]
Session ID: 6ccbd3f5-0392-424d-b2e4-5d8238b67248
*** Element info: {Using=xpath, value=//a[contains(.,'登出')]}
[ERROR] 2018-12-03 15:15:00,176 com.webtest.utils.Log - com.wordpress.test.LoginTest@fcd6521-login_fail3_test运行失败，需要截屏
[INFO ] 2018-12-03 15:15:03,516 com.webtest.utils.Log - Opened url :http://localhost:8032/wordpress/wp-login.php
[INFO ] 2018-12-03 15:15:03,516 com.webtest.utils.Log - Opened url ERROR
[INFO ] 2018-12-03 15:15:08,538 com.webtest.utils.Log - org.openqa.selenium.NoSuchElementException: Unable to locate element: //a[contains(.,'登出')]
For documentation on this error, please visit: http://seleniumhq.org/exceptions/no_such_element.html
Build info: version: '3.6.0', revision: '6fbf3ec767', time: '2017-09-27T16:15:40.131Z'
System info: host: 'WHATQ', ip: '169.254.144.88', os.name: 'Windows 10', os.arch: 'amd64', os.version: '10.0', java.version: '1.8.0_191'
Driver info: org.openqa.selenium.firefox.FirefoxDriver
Capabilities [{moz:profile=C:\Users\60132\AppData\Local\Temp\rust_mozprofile.QDOS7LfcZ0e7, rotatable=false, timeouts={implicit=0, pageLoad=300000, script=30000}, pageLoadStrategy=normal, moz:headless=false, platform=XP, specificationLevel=0, moz:accessibilityChecks=false, acceptInsecureCerts=true, browserVersion=56.0, platformVersion=10.0, moz:processID=1716, browserName=firefox, javascriptEnabled=true, platformName=XP}]
Session ID: 6ccbd3f5-0392-424d-b2e4-5d8238b67248
*** Element info: {Using=xpath, value=//a[contains(.,'登出')]}
[ERROR] 2018-12-03 15:15:08,811 com.webtest.utils.Log - com.wordpress.test.LoginTest@fcd6521-login_fail4_test运行失败，需要截屏
[INFO ] 2018-12-03 15:15:12,079 com.webtest.utils.Log - Opened url :http://localhost:8032/wordpress/wp-login.php
[INFO ] 2018-12-03 15:15:12,080 com.webtest.utils.Log - Opened url ERROR
[INFO ] 2018-12-03 15:15:17,112 com.webtest.utils.Log - org.openqa.selenium.NoSuchElementException: Unable to locate element: //a[contains(.,'登出')]
For documentation on this error, please visit: http://seleniumhq.org/exceptions/no_such_element.html
Build info: version: '3.6.0', revision: '6fbf3ec767', time: '2017-09-27T16:15:40.131Z'
System info: host: 'WHATQ', ip: '169.254.144.88', os.name: 'Windows 10', os.arch: 'amd64', os.version: '10.0', java.version: '1.8.0_191'
Driver info: org.openqa.selenium.firefox.FirefoxDriver
Capabilities [{moz:profile=C:\Users\60132\AppData\Local\Temp\rust_mozprofile.QDOS7LfcZ0e7, rotatable=false, timeouts={implicit=0, pageLoad=300000, script=30000}, pageLoadStrategy=normal, moz:headless=false, platform=XP, specificationLevel=0, moz:accessibilityChecks=false, acceptInsecureCerts=true, browserVersion=56.0, platformVersion=10.0, moz:processID=1716, browserName=firefox, javascriptEnabled=true, platformName=XP}]
Session ID: 6ccbd3f5-0392-424d-b2e4-5d8238b67248
*** Element info: {Using=xpath, value=//a[contains(.,'登出')]}
[ERROR] 2018-12-03 15:15:17,430 com.webtest.utils.Log - com.wordpress.test.LoginTest@fcd6521-login_fail5_test运行失败，需要截屏
[INFO ] 2018-12-03 15:15:20,639 com.webtest.utils.Log - Opened url :http://localhost:8032/wordpress/wp-login.php
[INFO ] 2018-12-03 15:15:20,640 com.webtest.utils.Log - Opened url ERROR
[INFO ] 2018-12-03 15:15:25,676 com.webtest.utils.Log - org.openqa.selenium.NoSuchElementException: Unable to locate element: //a[contains(.,'登出')]
For documentation on this error, please visit: http://seleniumhq.org/exceptions/no_such_element.html
Build info: version: '3.6.0', revision: '6fbf3ec767', time: '2017-09-27T16:15:40.131Z'
System info: host: 'WHATQ', ip: '169.254.144.88', os.name: 'Windows 10', os.arch: 'amd64', os.version: '10.0', java.version: '1.8.0_191'
Driver info: org.openqa.selenium.firefox.FirefoxDriver
Capabilities [{moz:profile=C:\Users\60132\AppData\Local\Temp\rust_mozprofile.QDOS7LfcZ0e7, rotatable=false, timeouts={implicit=0, pageLoad=300000, script=30000}, pageLoadStrategy=normal, moz:headless=false, platform=XP, specificationLevel=0, moz:accessibilityChecks=false, acceptInsecureCerts=true, browserVersion=56.0, platformVersion=10.0, moz:processID=1716, browserName=firefox, javascriptEnabled=true, platformName=XP}]
Session ID: 6ccbd3f5-0392-424d-b2e4-5d8238b67248
*** Element info: {Using=xpath, value=//a[contains(.,'登出')]}
[INFO ] 2018-12-03 15:15:26,719 com.webtest.utils.Log - Quitted Browser
[INFO ] 2018-12-03 15:15:26,720 com.webtest.utils.Log - 登陆测试
[INFO ] 2018-12-03 15:34:10,371 com.webtest.utils.Log - Using Firefox
[INFO ] 2018-12-03 15:34:10,403 com.webtest.utils.Log - firefox
[INFO ] 2018-12-03 15:34:10,476 com.webtest.utils.Log - org.openqa.selenium.NoSuchElementException: Unable to locate element: //div[contains(.,'外观')]
For documentation on this error, please visit: http://seleniumhq.org/exceptions/no_such_element.html
Build info: version: '3.6.0', revision: '6fbf3ec767', time: '2017-09-27T16:15:40.131Z'
System info: host: 'WHATQ', ip: '169.254.144.88', os.name: 'Windows 10', os.arch: 'amd64', os.version: '10.0', java.version: '1.8.0_191'
Driver info: org.openqa.selenium.firefox.FirefoxDriver
Capabilities [{moz:profile=C:\Users\60132\AppData\Local\Temp\rust_mozprofile.mVabVhk02rUP, rotatable=false, timeouts={implicit=0, pageLoad=300000, script=30000}, pageLoadStrategy=normal, moz:headless=false, platform=XP, specificationLevel=0, moz:accessibilityChecks=false, acceptInsecureCerts=true, browserVersion=56.0, platformVersion=10.0, moz:processID=8876, browserName=firefox, javascriptEnabled=true, platformName=XP}]
Session ID: 6fc544d4-d97a-449e-8d86-9df11b16daa2
*** Element info: {Using=xpath, value=//div[contains(.,'外观')]}
[INFO ] 2018-12-03 15:34:10,489 com.webtest.utils.Log - org.openqa.selenium.NoSuchElementException: Unable to locate element: //a[@aria-current='page']
For documentation on this error, please visit: http://seleniumhq.org/exceptions/no_such_element.html
Build info: version: '3.6.0', revision: '6fbf3ec767', time: '2017-09-27T16:15:40.131Z'
System info: host: 'WHATQ', ip: '169.254.144.88', os.name: 'Windows 10', os.arch: 'amd64', os.version: '10.0', java.version: '1.8.0_191'
Driver info: org.openqa.selenium.firefox.FirefoxDriver
Capabilities [{moz:profile=C:\Users\60132\AppData\Local\Temp\rust_mozprofile.mVabVhk02rUP, rotatable=false, timeouts={implicit=0, pageLoad=300000, script=30000}, pageLoadStrategy=normal, moz:headless=false, platform=XP, specificationLevel=0, moz:accessibilityChecks=false, acceptInsecureCerts=true, browserVersion=56.0, platformVersion=10.0, moz:processID=8876, browserName=firefox, javascriptEnabled=true, platformName=XP}]
Session ID: 6fc544d4-d97a-449e-8d86-9df11b16daa2
*** Element info: {Using=xpath, value=//a[@aria-current='page']}
[INFO ] 2018-12-03 15:34:10,500 com.webtest.utils.Log - org.openqa.selenium.NoSuchElementException: Unable to locate element: //a[contains(@class,'hide-if-no-js page-title-action')]
For documentation on this error, please visit: http://seleniumhq.org/exceptions/no_such_element.html
Build info: version: '3.6.0', revision: '6fbf3ec767', time: '2017-09-27T16:15:40.131Z'
System info: host: 'WHATQ', ip: '169.254.144.88', os.name: 'Windows 10', os.arch: 'amd64', os.version: '10.0', java.version: '1.8.0_191'
Driver info: org.openqa.selenium.firefox.FirefoxDriver
Capabilities [{moz:profile=C:\Users\60132\AppData\Local\Temp\rust_mozprofile.mVabVhk02rUP, rotatable=false, timeouts={implicit=0, pageLoad=300000, script=30000}, pageLoadStrategy=normal, moz:headless=false, platform=XP, specificationLevel=0, moz:accessibilityChecks=false, acceptInsecureCerts=true, browserVersion=56.0, platformVersion=10.0, moz:processID=8876, browserName=firefox, javascriptEnabled=true, platformName=XP}]
Session ID: 6fc544d4-d97a-449e-8d86-9df11b16daa2
*** Element info: {Using=xpath, value=//a[contains(@class,'hide-if-no-js page-title-action')]}
[INFO ] 2018-12-03 15:34:11,009 com.webtest.utils.Log - Quitted Browser
