[INFO ] 2018-11-27 16:40:47,263 com.webtest.utils.Log - Using Firefox
[INFO ] 2018-11-27 16:40:47,302 com.webtest.utils.Log - firefox
[INFO ] 2018-11-27 16:56:28,485 com.webtest.utils.Log - Using Firefox
[INFO ] 2018-11-27 16:56:28,518 com.webtest.utils.Log - firefox
[INFO ] 2018-11-27 16:56:32,044 com.webtest.utils.Log - Opened url :http://localhost:8032/wordpress/wp-login.php
[INFO ] 2018-11-27 16:56:32,044 com.webtest.utils.Log - Opened url ERROR
[INFO ] 2018-11-27 16:56:32,217 com.webtest.utils.Log - org.openqa.selenium.NoSuchElementException: Unable to locate element: #\'wp\-submit\'
For documentation on this error, please visit: http://seleniumhq.org/exceptions/no_such_element.html
Build info: version: '3.6.0', revision: '6fbf3ec767', time: '2017-09-27T16:15:40.131Z'
System info: host: 'WHATQ', ip: '169.254.144.88', os.name: 'Windows 10', os.arch: 'amd64', os.version: '10.0', java.version: '1.8.0_191'
Driver info: org.openqa.selenium.firefox.FirefoxDriver
Capabilities [{moz:profile=C:\Users\60132\AppData\Local\Temp\rust_mozprofile.8eIjEhigUtpF, rotatable=false, timeouts={implicit=0, pageLoad=300000, script=30000}, pageLoadStrategy=normal, moz:headless=false, platform=XP, specificationLevel=0, moz:accessibilityChecks=false, acceptInsecureCerts=true, browserVersion=56.0, platformVersion=10.0, moz:processID=17036, browserName=firefox, javascriptEnabled=true, platformName=XP}]
Session ID: 1e66ab91-619b-437c-8565-207477772dc6
*** Element info: {Using=id, value='wp-submit'}
[INFO ] 2018-11-27 16:57:02,127 com.webtest.utils.Log - Using Firefox
[INFO ] 2018-11-27 16:57:02,163 com.webtest.utils.Log - firefox
[INFO ] 2018-11-27 16:57:05,568 com.webtest.utils.Log - Opened url :http://localhost:8032/wordpress/wp-login.php
[INFO ] 2018-11-27 16:57:05,569 com.webtest.utils.Log - Opened url ERROR
[INFO ] 2018-11-27 17:23:19,353 com.webtest.utils.Log - Using Firefox
[INFO ] 2018-11-27 17:23:19,388 com.webtest.utils.Log - firefox
[INFO ] 2018-11-27 17:27:01,506 com.webtest.utils.Log - Using Firefox
[INFO ] 2018-11-27 17:27:01,538 com.webtest.utils.Log - firefox
